{
  "RSpec": {
    "coverage": {
      "/Users/leopoldkwok/Google Drive/makersacademy/lessons/week6/bookmarkmanager/app/server.rb": [
        1,
        1,
        1,
        1,
        1,
        1,
        null,
        1,
        1,
        1,
        null,
        1,
        1,
        1,
        1,
        null,
        1,
        1,
        1,
        1,
        1,
        null,
        1,
        1,
        1,
        1,
        1,
        null,
        106,
        129,
        null,
        null,
        1,
        1,
        null,
        null,
        null,
        null,
        null,
        null,
        null,
        null,
        null,
        null,
        null,
        null,
        null,
        null,
        null,
        null,
        null,
        null,
        null,
        null,
        null,
        null,
        null,
        null,
        null,
        null,
        null,
        null,
        null,
        null,
        null,
        null,
        null,
        null,
        null,
        null,
        null,
        null,
        null,
        null,
        null,
        null,
        null,
        null,
        null,
        null,
        null,
        null,
        null,
        null,
        null,
        null,
        null,
        null,
        null,
        null,
        null,
        null,
        null,
        null,
        null,
        null,
        null,
        null,
        null,
        null,
        null,
        null,
        null,
        null,
        null,
        null,
        null,
        null,
        null,
        null,
        null,
        null,
        null,
        null,
        null,
        null,
        null
      ],
      "/Users/leopoldkwok/Google Drive/makersacademy/lessons/week6/bookmarkmanager/app/models/link.rb": [
        null,
        null,
        null,
        1,
        null,
        1,
        null,
        1,
        null,
        null,
        null,
        null,
        null,
        1,
        1,
        1,
        null,
        null
      ],
      "/Users/leopoldkwok/Google Drive/makersacademy/lessons/week6/bookmarkmanager/app/models/tag.rb": [
        1,
        null,
        1,
        null,
        1,
        null,
        1,
        1,
        null,
        null
      ],
      "/Users/leopoldkwok/Google Drive/makersacademy/lessons/week6/bookmarkmanager/app/models/user.rb": [
        null,
        null,
        1,
        null,
        1,
        null,
        1,
        null,
        1,
        1,
        null,
        null,
        null,
        null,
        1,
        null,
        null,
        null,
        1,
        1,
        null,
        1,
        1,
        null,
        null,
        null,
        null,
        null,
        null,
        1,
        null,
        null,
        null,
        null,
        null,
        null,
        null,
        null,
        1,
        11,
        11,
        null,
        null,
        1,
        null,
        4,
        null,
        null,
        null,
        null,
        null,
        null,
        null,
        null,
        null,
        null,
        4,
        null,
        2,
        null,
        null,
        null,
        null,
        null,
        null,
        null
      ],
      "/Users/leopoldkwok/Google Drive/makersacademy/lessons/week6/bookmarkmanager/app/data_mapper_setup.rb": [
        1,
        null,
        null,
        null,
        1,
        null,
        null,
        null,
        null,
        null,
        null,
        null,
        null,
        1,
        null,
        null,
        null
      ],
      "/Users/leopoldkwok/Google Drive/makersacademy/lessons/week6/bookmarkmanager/app/helpers/application.rb": [
        1,
        null,
        null,
        1,
        36,
        null,
        null,
        null,
        null,
        null,
        null,
        null,
        null,
        null,
        null,
        null,
        null,
        null,
        null,
        null,
        null,
        null,
        null,
        null
      ],
      "/Users/leopoldkwok/Google Drive/makersacademy/lessons/week6/bookmarkmanager/app/helpers/session.rb": [
        1,
        null,
        null,
        1,
        4,
        4,
        4,
        4,
        4,
        null,
        null,
        1,
        4,
        4,
        4,
        4,
        null,
        null,
        null,
        null,
        null,
        null,
        null,
        null,
        null,
        null,
        null
      ],
      "/Users/leopoldkwok/Google Drive/makersacademy/lessons/week6/bookmarkmanager/app/helpers/email.rb": [
        1,
        null,
        1,
        1,
        null,
        null,
        null,
        null,
        null,
        null,
        null,
        null,
        null,
        null,
        null,
        null,
        null,
        null,
        null,
        null,
        null
      ],
      "/Users/leopoldkwok/Google Drive/makersacademy/lessons/week6/bookmarkmanager/app/controllers/users.rb": [
        1,
        null,
        1,
        4,
        4,
        null,
        null,
        1,
        4,
        null,
        null,
        4,
        2,
        2,
        null,
        2,
        2,
        null,
        null,
        null,
        null,
        null,
        null,
        null,
        null,
        null,
        1,
        2,
        null,
        null,
        1,
        1,
        1,
        65,
        1,
        1,
        1,
        1,
        1,
        null,
        null,
        1,
        2,
        2,
        1,
        null,
        1,
        1,
        null,
        null,
        null,
        1,
        0,
        null,
        null
      ],
      "/Users/leopoldkwok/Google Drive/makersacademy/lessons/week6/bookmarkmanager/app/controllers/sessions.rb": [
        1,
        5,
        null,
        null,
        1,
        4,
        4,
        4,
        2,
        2,
        null,
        2,
        2,
        null,
        null,
        null,
        1,
        1,
        1,
        1,
        null
      ],
      "/Users/leopoldkwok/Google Drive/makersacademy/lessons/week6/bookmarkmanager/app/controllers/links.rb": [
        1,
        2,
        2,
        4,
        2,
        2,
        null,
        null,
        1,
        2,
        null
      ],
      "/Users/leopoldkwok/Google Drive/makersacademy/lessons/week6/bookmarkmanager/app/controllers/tags.rb": [
        1,
        1,
        1,
        1,
        null
      ],
      "/Users/leopoldkwok/Google Drive/makersacademy/lessons/week6/bookmarkmanager/app/controllers/application.rb": [
        1,
        11,
        11,
        null
      ]
    },
    "timestamp": 1415981546
  }
}
